Turbo Assembler	 Version 3.2	    11/13/13 18:23:53	    Page 1
proteste.asm



      1				     ; use este	arquivo	para praticar a	sequencia de operacoes para montar, ligar e executar um	    +
      2				     programa
      3				     ; no ambiente MS-DOS (commando prompt do Windows ou DOSBox)
      4
      5				     ; associacao de registradores de segmento com definicoes de segmento
      6							     ASSUME CS:CODIGO,SS:PILHA,DS:DADOS
      7
      8				     ; definicao do segmento de	pilha
      9	0000			     PILHA	     SEGMENT STACK
     10	0000  20*(53 54	41 43 4B  +			     DB	32 DUP ('STACK---')
     11	      2D 2D 2D)
     12	0100			     PILHA	     ENDS
     13
     14				     ; definicao do segmento de	dados
     15	0000			     DADOS	     SEGMENT
     16	0000  48 65 6C 6C 6F 20	57+  MENSAGEM	     DB	'Hello World !',0DH, 0AH
     17	      6F 72 6C 64 20 21	0D+
     18	      0A
     19	      =000F		     TAMANHO EQU $-MENSAGEM
     20	000F  ??		     CONTADOR	     DB	?
     21	0010			     DADOS	     ENDS
     22
     23				     ; definicao do segmento de	codigo
     24	0000			     CODIGO	     SEGMENT
     25	0000  B8 0000s		     START:	     MOV AX,DADOS	     ; Inicializa segmento de dados
     26	0003  8E D8					     MOV DS,AX
     27	0005  C6 06 000Fr 0A				     MOV CONTADOR,10
     28	000A  E8 000A		     DE_NOVO:	     CALL FRASE
     29	000D  FE 0E 000Fr				     DEC CONTADOR
     30	0011  75 F7					     JNZ DE_NOVO
     31
     32				     ; retorna o controle do processador para o	DOS
     33	0013  B4 4C					     MOV AH, 4CH
     34	0015  CD 21					     INT 21H
     35
     36				     ; definicao de uma	subrotina
     37	0017			     FRASE	     PROC NEAR
     38	0017  BB 0001					     MOV BX,0001H
     39	001A  BA 0000r					     LEA DX, MENSAGEM
     40	001D  B9 000F					     MOV CX, TAMANHO
     41	0020  B4 40					     MOV AH,40H
     42	0022  CD 21					     INT 21H		     ; Escreve mensagem
     43	0024			     FRASE	     ENDP
     44
     45	0024			     CODIGO	     ENDS
     46							     END START ; execucao comeca por START:
Turbo Assembler	 Version 3.2	    11/13/13 18:23:53	    Page 2
Symbol Table




Symbol Name			  Type	 Value

??DATE				  Text	 "11/13/13"
??FILENAME			  Text	 "proteste"
??TIME				  Text	 "18:23:53"
??VERSION			  Number 0314
@CPU				  Text	 0101H
@CURSEG				  Text	 CODIGO
@FILENAME			  Text	 PROTESTE
@WORDSIZE			  Text	 2
CONTADOR			  Byte	 DADOS:000F
DE_NOVO				  Near	 CODIGO:000A
FRASE				  Near	 CODIGO:0017
MENSAGEM			  Byte	 DADOS:0000
START				  Near	 CODIGO:0000
TAMANHO				  Number 000F

Groups & Segments		  Bit Size Align  Combine Class

CODIGO				  16  0024 Para	  none
DADOS				  16  0010 Para	  none
PILHA				  16  0100 Para	  Stack
